[23-Sep-2017 01:53:12 Europe/London] PHP Warning:  mysqli_fetch_array() expects parameter 1 to be mysqli_result, boolean given in /home/ubuntu/workspace/admin/display_vendor2.php on line 66
[23-Sep-2017 01:53:12 Europe/London] PHP Stack trace:
[23-Sep-2017 01:53:12 Europe/London] PHP   1. {main}() /home/ubuntu/workspace/admin/memberpage.php:0
[23-Sep-2017 01:53:12 Europe/London] PHP   2. include_once() /home/ubuntu/workspace/admin/memberpage.php:203
[23-Sep-2017 01:53:12 Europe/London] PHP   3. mysqli_fetch_array() /home/ubuntu/workspace/admin/display_vendor2.php:66
[23-Sep-2017 01:54:41 Europe/London] PHP Warning:  mysqli_fetch_array() expects parameter 1 to be mysqli_result, boolean given in /home/ubuntu/workspace/admin/display_vendor2.php on line 66
[23-Sep-2017 01:54:41 Europe/London] PHP Stack trace:
[23-Sep-2017 01:54:41 Europe/London] PHP   1. {main}() /home/ubuntu/workspace/admin/memberpage.php:0
[23-Sep-2017 01:54:41 Europe/London] PHP   2. include_once() /home/ubuntu/workspace/admin/memberpage.php:203
[23-Sep-2017 01:54:41 Europe/London] PHP   3. mysqli_fetch_array() /home/ubuntu/workspace/admin/display_vendor2.php:66
[23-Sep-2017 01:42:19 UTC] PHP Warning:  require_once(admin/includes/config.php): failed to open stream: No such file or directory in /home/ubuntu/workspace/admin/login.php on line 3
[23-Sep-2017 01:42:19 UTC] PHP Stack trace:
[23-Sep-2017 01:42:19 UTC] PHP   1. {main}() /home/ubuntu/workspace/admin/login.php:0
[23-Sep-2017 01:42:19 UTC] PHP Fatal error:  require_once(): Failed opening required 'admin/includes/config.php' (include_path='.:/usr/share/php:/usr/share/pear') in /home/ubuntu/workspace/admin/login.php on line 3
[23-Sep-2017 01:42:19 UTC] PHP Stack trace:
[23-Sep-2017 01:42:19 UTC] PHP   1. {main}() /home/ubuntu/workspace/admin/login.php:0
[22-Sep-2017 21:48:48 America/New_York] PHP Warning:  include(admin/classes/user.php): failed to open stream: No such file or directory in /home/ubuntu/workspace/admin/includes/config.php on line 31
[22-Sep-2017 21:48:48 America/New_York] PHP Stack trace:
[22-Sep-2017 21:48:48 America/New_York] PHP   1. {main}() /home/ubuntu/workspace/admin/login.php:0
[22-Sep-2017 21:48:48 America/New_York] PHP   2. require_once() /home/ubuntu/workspace/admin/login.php:3
[22-Sep-2017 21:48:48 America/New_York] PHP Warning:  include(): Failed opening 'admin/classes/user.php' for inclusion (include_path='.:/usr/share/php:/usr/share/pear') in /home/ubuntu/workspace/admin/includes/config.php on line 31
[22-Sep-2017 21:48:48 America/New_York] PHP Stack trace:
[22-Sep-2017 21:48:48 America/New_York] PHP   1. {main}() /home/ubuntu/workspace/admin/login.php:0
[22-Sep-2017 21:48:48 America/New_York] PHP   2. require_once() /home/ubuntu/workspace/admin/login.php:3
[22-Sep-2017 21:48:48 America/New_York] PHP Warning:  include(admin/classes/phpmailer/mail.php): failed to open stream: No such file or directory in /home/ubuntu/workspace/admin/includes/config.php on line 32
[22-Sep-2017 21:48:48 America/New_York] PHP Stack trace:
[22-Sep-2017 21:48:48 America/New_York] PHP   1. {main}() /home/ubuntu/workspace/admin/login.php:0
[22-Sep-2017 21:48:48 America/New_York] PHP   2. require_once() /home/ubuntu/workspace/admin/login.php:3
[22-Sep-2017 21:48:48 America/New_York] PHP Warning:  include(): Failed opening 'admin/classes/phpmailer/mail.php' for inclusion (include_path='.:/usr/share/php:/usr/share/pear') in /home/ubuntu/workspace/admin/includes/config.php on line 32
[22-Sep-2017 21:48:48 America/New_York] PHP Stack trace:
[22-Sep-2017 21:48:48 America/New_York] PHP   1. {main}() /home/ubuntu/workspace/admin/login.php:0
[22-Sep-2017 21:48:48 America/New_York] PHP   2. require_once() /home/ubuntu/workspace/admin/login.php:3
[22-Sep-2017 21:48:48 America/New_York] PHP Fatal error:  Class 'User' not found in /home/ubuntu/workspace/admin/includes/config.php on line 33
[22-Sep-2017 21:48:48 America/New_York] PHP Stack trace:
[22-Sep-2017 21:48:48 America/New_York] PHP   1. {main}() /home/ubuntu/workspace/admin/login.php:0
[22-Sep-2017 21:48:48 America/New_York] PHP   2. require_once() /home/ubuntu/workspace/admin/login.php:3
[22-Sep-2017 21:59:03 America/New_York] PHP Warning:  mysqli_fetch_array() expects parameter 1 to be mysqli_result, boolean given in /home/ubuntu/workspace/admin/display_vendor2.php on line 66
[22-Sep-2017 21:59:03 America/New_York] PHP Stack trace:
[22-Sep-2017 21:59:03 America/New_York] PHP   1. {main}() /home/ubuntu/workspace/admin/memberpage.php:0
[22-Sep-2017 21:59:03 America/New_York] PHP   2. include_once() /home/ubuntu/workspace/admin/memberpage.php:203
[22-Sep-2017 21:59:03 America/New_York] PHP   3. mysqli_fetch_array() /home/ubuntu/workspace/admin/display_vendor2.php:66
[23-Sep-2017 23:38:20 America/New_York] PHP Warning:  include_once(driver_system/index.php): failed to open stream: No such file or directory in /home/ubuntu/workspace/admin/memberpage.php on line 31
[23-Sep-2017 23:38:20 America/New_York] PHP Stack trace:
[23-Sep-2017 23:38:20 America/New_York] PHP   1. {main}() /home/ubuntu/workspace/admin/memberpage.php:0
[23-Sep-2017 23:38:20 America/New_York] PHP Warning:  include_once(): Failed opening 'driver_system/index.php' for inclusion (include_path='.:/usr/share/php:/usr/share/pear') in /home/ubuntu/workspace/admin/memberpage.php on line 31
[23-Sep-2017 23:38:20 America/New_York] PHP Stack trace:
[23-Sep-2017 23:38:20 America/New_York] PHP   1. {main}() /home/ubuntu/workspace/admin/memberpage.php:0
[23-Sep-2017 23:38:36 America/New_York] PHP Warning:  include_once(driver_system/index.php): failed to open stream: No such file or directory in /home/ubuntu/workspace/admin/memberpage.php on line 31
[23-Sep-2017 23:38:36 America/New_York] PHP Stack trace:
[23-Sep-2017 23:38:36 America/New_York] PHP   1. {main}() /home/ubuntu/workspace/admin/memberpage.php:0
[23-Sep-2017 23:38:36 America/New_York] PHP Warning:  include_once(): Failed opening 'driver_system/index.php' for inclusion (include_path='.:/usr/share/php:/usr/share/pear') in /home/ubuntu/workspace/admin/memberpage.php on line 31
[23-Sep-2017 23:38:36 America/New_York] PHP Stack trace:
[23-Sep-2017 23:38:36 America/New_York] PHP   1. {main}() /home/ubuntu/workspace/admin/memberpage.php:0
[23-Sep-2017 23:39:46 America/New_York] PHP Warning:  include_once(/driver_system/index.php): failed to open stream: No such file or directory in /home/ubuntu/workspace/admin/memberpage.php on line 31
[23-Sep-2017 23:39:46 America/New_York] PHP Stack trace:
[23-Sep-2017 23:39:46 America/New_York] PHP   1. {main}() /home/ubuntu/workspace/admin/memberpage.php:0
[23-Sep-2017 23:39:46 America/New_York] PHP Warning:  include_once(): Failed opening '/driver_system/index.php' for inclusion (include_path='.:/usr/share/php:/usr/share/pear') in /home/ubuntu/workspace/admin/memberpage.php on line 31
[23-Sep-2017 23:39:46 America/New_York] PHP Stack trace:
[23-Sep-2017 23:39:46 America/New_York] PHP   1. {main}() /home/ubuntu/workspace/admin/memberpage.php:0
[23-Sep-2017 23:41:03 America/New_York] PHP Warning:  include_once(driver_system/index.php): failed to open stream: No such file or directory in /home/ubuntu/workspace/admin/memberpage.php on line 31
[23-Sep-2017 23:41:03 America/New_York] PHP Stack trace:
[23-Sep-2017 23:41:03 America/New_York] PHP   1. {main}() /home/ubuntu/workspace/admin/memberpage.php:0
[23-Sep-2017 23:41:03 America/New_York] PHP Warning:  include_once(): Failed opening 'driver_system/index.php' for inclusion (include_path='.:/usr/share/php:/usr/share/pear') in /home/ubuntu/workspace/admin/memberpage.php on line 31
[23-Sep-2017 23:41:03 America/New_York] PHP Stack trace:
[23-Sep-2017 23:41:03 America/New_York] PHP   1. {main}() /home/ubuntu/workspace/admin/memberpage.php:0
[23-Sep-2017 23:41:06 America/New_York] PHP Warning:  include_once(driver_system/index.php): failed to open stream: No such file or directory in /home/ubuntu/workspace/admin/memberpage.php on line 31
[23-Sep-2017 23:41:06 America/New_York] PHP Stack trace:
[23-Sep-2017 23:41:06 America/New_York] PHP   1. {main}() /home/ubuntu/workspace/admin/memberpage.php:0
[23-Sep-2017 23:41:06 America/New_York] PHP Warning:  include_once(): Failed opening 'driver_system/index.php' for inclusion (include_path='.:/usr/share/php:/usr/share/pear') in /home/ubuntu/workspace/admin/memberpage.php on line 31
[23-Sep-2017 23:41:06 America/New_York] PHP Stack trace:
[23-Sep-2017 23:41:06 America/New_York] PHP   1. {main}() /home/ubuntu/workspace/admin/memberpage.php:0
[23-Sep-2017 23:42:05 America/New_York] PHP Warning:  include_once(driver_system/index.php): failed to open stream: No such file or directory in /home/ubuntu/workspace/admin/memberpage.php on line 15
[23-Sep-2017 23:42:05 America/New_York] PHP Stack trace:
[23-Sep-2017 23:42:05 America/New_York] PHP   1. {main}() /home/ubuntu/workspace/admin/memberpage.php:0
[23-Sep-2017 23:42:05 America/New_York] PHP Warning:  include_once(): Failed opening 'driver_system/index.php' for inclusion (include_path='.:/usr/share/php:/usr/share/pear') in /home/ubuntu/workspace/admin/memberpage.php on line 15
[23-Sep-2017 23:42:05 America/New_York] PHP Stack trace:
[23-Sep-2017 23:42:05 America/New_York] PHP   1. {main}() /home/ubuntu/workspace/admin/memberpage.php:0
[24-Sep-2017 03:42:55 UTC] PHP Warning:  include_once(driver_system/index.php): failed to open stream: No such file or directory in /home/ubuntu/workspace/admin/memberpage.php on line 3
[24-Sep-2017 03:42:55 UTC] PHP Stack trace:
[24-Sep-2017 03:42:55 UTC] PHP   1. {main}() /home/ubuntu/workspace/admin/memberpage.php:0
[24-Sep-2017 03:42:55 UTC] PHP Warning:  include_once(): Failed opening 'driver_system/index.php' for inclusion (include_path='.:/usr/share/php:/usr/share/pear') in /home/ubuntu/workspace/admin/memberpage.php on line 3
[24-Sep-2017 03:42:55 UTC] PHP Stack trace:
[24-Sep-2017 03:42:55 UTC] PHP   1. {main}() /home/ubuntu/workspace/admin/memberpage.php:0
[24-Sep-2017 03:43:01 UTC] PHP Warning:  include_once(driver_system/index.php): failed to open stream: No such file or directory in /home/ubuntu/workspace/admin/memberpage.php on line 3
[24-Sep-2017 03:43:01 UTC] PHP Stack trace:
[24-Sep-2017 03:43:01 UTC] PHP   1. {main}() /home/ubuntu/workspace/admin/memberpage.php:0
[24-Sep-2017 03:43:01 UTC] PHP Warning:  include_once(): Failed opening 'driver_system/index.php' for inclusion (include_path='.:/usr/share/php:/usr/share/pear') in /home/ubuntu/workspace/admin/memberpage.php on line 3
[24-Sep-2017 03:43:01 UTC] PHP Stack trace:
[24-Sep-2017 03:43:01 UTC] PHP   1. {main}() /home/ubuntu/workspace/admin/memberpage.php:0
[24-Sep-2017 03:43:08 UTC] PHP Warning:  include_once(driver_system/index.php): failed to open stream: No such file or directory in /home/ubuntu/workspace/admin/memberpage.php on line 3
[24-Sep-2017 03:43:08 UTC] PHP Stack trace:
[24-Sep-2017 03:43:08 UTC] PHP   1. {main}() /home/ubuntu/workspace/admin/memberpage.php:0
[24-Sep-2017 03:43:08 UTC] PHP Warning:  include_once(): Failed opening 'driver_system/index.php' for inclusion (include_path='.:/usr/share/php:/usr/share/pear') in /home/ubuntu/workspace/admin/memberpage.php on line 3
[24-Sep-2017 03:43:08 UTC] PHP Stack trace:
[24-Sep-2017 03:43:08 UTC] PHP   1. {main}() /home/ubuntu/workspace/admin/memberpage.php:0
[23-Sep-2017 23:44:11 America/New_York] PHP Warning:  include_once(driver_system/index.php): failed to open stream: No such file or directory in /home/ubuntu/workspace/admin/memberpage.php on line 217
[23-Sep-2017 23:44:11 America/New_York] PHP Stack trace:
[23-Sep-2017 23:44:11 America/New_York] PHP   1. {main}() /home/ubuntu/workspace/admin/memberpage.php:0
[23-Sep-2017 23:44:11 America/New_York] PHP Warning:  include_once(): Failed opening 'driver_system/index.php' for inclusion (include_path='.:/usr/share/php:/usr/share/pear') in /home/ubuntu/workspace/admin/memberpage.php on line 217
[23-Sep-2017 23:44:11 America/New_York] PHP Stack trace:
[23-Sep-2017 23:44:11 America/New_York] PHP   1. {main}() /home/ubuntu/workspace/admin/memberpage.php:0
[23-Sep-2017 23:45:16 America/New_York] PHP Warning:  include_once(/index.php): failed to open stream: No such file or directory in /home/ubuntu/workspace/admin/memberpage.php on line 217
[23-Sep-2017 23:45:16 America/New_York] PHP Stack trace:
[23-Sep-2017 23:45:16 America/New_York] PHP   1. {main}() /home/ubuntu/workspace/admin/memberpage.php:0
[23-Sep-2017 23:45:16 America/New_York] PHP Warning:  include_once(): Failed opening '/index.php' for inclusion (include_path='.:/usr/share/php:/usr/share/pear') in /home/ubuntu/workspace/admin/memberpage.php on line 217
[23-Sep-2017 23:45:16 America/New_York] PHP Stack trace:
[23-Sep-2017 23:45:16 America/New_York] PHP   1. {main}() /home/ubuntu/workspace/admin/memberpage.php:0
[23-Sep-2017 23:45:43 America/New_York] PHP Warning:  include_once(index.php): failed to open stream: No such file or directory in /home/ubuntu/workspace/admin/memberpage.php on line 217
[23-Sep-2017 23:45:43 America/New_York] PHP Stack trace:
[23-Sep-2017 23:45:43 America/New_York] PHP   1. {main}() /home/ubuntu/workspace/admin/memberpage.php:0
[23-Sep-2017 23:45:43 America/New_York] PHP Warning:  include_once(): Failed opening 'index.php' for inclusion (include_path='.:/usr/share/php:/usr/share/pear') in /home/ubuntu/workspace/admin/memberpage.php on line 217
[23-Sep-2017 23:45:43 America/New_York] PHP Stack trace:
[23-Sep-2017 23:45:43 America/New_York] PHP   1. {main}() /home/ubuntu/workspace/admin/memberpage.php:0
[23-Sep-2017 23:46:50 America/New_York] PHP Warning:  include_once(/driver_system/index.php): failed to open stream: No such file or directory in /home/ubuntu/workspace/admin/memberpage.php on line 217
[23-Sep-2017 23:46:50 America/New_York] PHP Stack trace:
[23-Sep-2017 23:46:50 America/New_York] PHP   1. {main}() /home/ubuntu/workspace/admin/memberpage.php:0
[23-Sep-2017 23:46:50 America/New_York] PHP Warning:  include_once(): Failed opening '/driver_system/index.php' for inclusion (include_path='.:/usr/share/php:/usr/share/pear') in /home/ubuntu/workspace/admin/memberpage.php on line 217
[23-Sep-2017 23:46:50 America/New_York] PHP Stack trace:
[23-Sep-2017 23:46:50 America/New_York] PHP   1. {main}() /home/ubuntu/workspace/admin/memberpage.php:0
[23-Sep-2017 23:49:10 America/New_York] PHP Warning:  include_once(): https:// wrapper is disabled in the server configuration by allow_url_include=0 in /home/ubuntu/workspace/admin/memberpage.php on line 217
[23-Sep-2017 23:49:10 America/New_York] PHP Stack trace:
[23-Sep-2017 23:49:10 America/New_York] PHP   1. {main}() /home/ubuntu/workspace/admin/memberpage.php:0
[23-Sep-2017 23:49:10 America/New_York] PHP Warning:  include_once(https://ruzi1-neilfloyd.c9users.io/driver_system/index.php): failed to open stream: no suitable wrapper could be found in /home/ubuntu/workspace/admin/memberpage.php on line 217
[23-Sep-2017 23:49:10 America/New_York] PHP Stack trace:
[23-Sep-2017 23:49:10 America/New_York] PHP   1. {main}() /home/ubuntu/workspace/admin/memberpage.php:0
[23-Sep-2017 23:49:10 America/New_York] PHP Warning:  include_once(): Failed opening 'https://ruzi1-neilfloyd.c9users.io/driver_system/index.php' for inclusion (include_path='.:/usr/share/php:/usr/share/pear') in /home/ubuntu/workspace/admin/memberpage.php on line 217
[23-Sep-2017 23:49:10 America/New_York] PHP Stack trace:
[23-Sep-2017 23:49:10 America/New_York] PHP   1. {main}() /home/ubuntu/workspace/admin/memberpage.php:0
[23-Sep-2017 23:52:02 America/New_York] PHP Warning:  include(database_connection.php): failed to open stream: No such file or directory in /home/ubuntu/workspace/admin/memberpage.php on line 226
[23-Sep-2017 23:52:02 America/New_York] PHP Stack trace:
[23-Sep-2017 23:52:02 America/New_York] PHP   1. {main}() /home/ubuntu/workspace/admin/memberpage.php:0
[23-Sep-2017 23:52:02 America/New_York] PHP Warning:  include(): Failed opening 'database_connection.php' for inclusion (include_path='.:/usr/share/php:/usr/share/pear') in /home/ubuntu/workspace/admin/memberpage.php on line 226
[23-Sep-2017 23:52:02 America/New_York] PHP Stack trace:
[23-Sep-2017 23:52:02 America/New_York] PHP   1. {main}() /home/ubuntu/workspace/admin/memberpage.php:0
[24-Sep-2017 03:58:39 UTC] PHP Warning:  include(database_connection.php): failed to open stream: No such file or directory in /home/ubuntu/workspace/admin/action.php on line 12
[24-Sep-2017 03:58:39 UTC] PHP Stack trace:
[24-Sep-2017 03:58:39 UTC] PHP   1. {main}() /home/ubuntu/workspace/admin/action.php:0
[24-Sep-2017 03:58:39 UTC] PHP Warning:  include(): Failed opening 'database_connection.php' for inclusion (include_path='.:/usr/share/php:/usr/share/pear') in /home/ubuntu/workspace/admin/action.php on line 12
[24-Sep-2017 03:58:39 UTC] PHP Stack trace:
[24-Sep-2017 03:58:39 UTC] PHP   1. {main}() /home/ubuntu/workspace/admin/action.php:0
[24-Sep-2017 03:58:39 UTC] PHP Fatal error:  Call to a member function prepare() on a non-object in /home/ubuntu/workspace/admin/action.php on line 40
[24-Sep-2017 03:58:39 UTC] PHP Stack trace:
[24-Sep-2017 03:58:39 UTC] PHP   1. {main}() /home/ubuntu/workspace/admin/action.php:0
[24-Sep-2017 03:58:42 UTC] PHP Warning:  include(database_connection.php): failed to open stream: No such file or directory in /home/ubuntu/workspace/admin/action.php on line 12
[24-Sep-2017 03:58:42 UTC] PHP Stack trace:
[24-Sep-2017 03:58:42 UTC] PHP   1. {main}() /home/ubuntu/workspace/admin/action.php:0
[24-Sep-2017 03:58:42 UTC] PHP Warning:  include(): Failed opening 'database_connection.php' for inclusion (include_path='.:/usr/share/php:/usr/share/pear') in /home/ubuntu/workspace/admin/action.php on line 12
[24-Sep-2017 03:58:42 UTC] PHP Stack trace:
[24-Sep-2017 03:58:42 UTC] PHP   1. {main}() /home/ubuntu/workspace/admin/action.php:0
[24-Sep-2017 03:58:42 UTC] PHP Fatal error:  Call to a member function prepare() on a non-object in /home/ubuntu/workspace/admin/action.php on line 40
[24-Sep-2017 03:58:42 UTC] PHP Stack trace:
[24-Sep-2017 03:58:42 UTC] PHP   1. {main}() /home/ubuntu/workspace/admin/action.php:0
[24-Sep-2017 03:58:45 UTC] PHP Warning:  include(database_connection.php): failed to open stream: No such file or directory in /home/ubuntu/workspace/admin/action.php on line 12
[24-Sep-2017 03:58:45 UTC] PHP Stack trace:
[24-Sep-2017 03:58:45 UTC] PHP   1. {main}() /home/ubuntu/workspace/admin/action.php:0
[24-Sep-2017 03:58:45 UTC] PHP Warning:  include(): Failed opening 'database_connection.php' for inclusion (include_path='.:/usr/share/php:/usr/share/pear') in /home/ubuntu/workspace/admin/action.php on line 12
[24-Sep-2017 03:58:45 UTC] PHP Stack trace:
[24-Sep-2017 03:58:45 UTC] PHP   1. {main}() /home/ubuntu/workspace/admin/action.php:0
[24-Sep-2017 03:58:45 UTC] PHP Fatal error:  Call to a member function prepare() on a non-object in /home/ubuntu/workspace/admin/action.php on line 40
[24-Sep-2017 03:58:45 UTC] PHP Stack trace:
[24-Sep-2017 03:58:45 UTC] PHP   1. {main}() /home/ubuntu/workspace/admin/action.php:0
[24-Sep-2017 03:58:48 UTC] PHP Warning:  include(database_connection.php): failed to open stream: No such file or directory in /home/ubuntu/workspace/admin/action.php on line 12
[24-Sep-2017 03:58:48 UTC] PHP Stack trace:
[24-Sep-2017 03:58:48 UTC] PHP   1. {main}() /home/ubuntu/workspace/admin/action.php:0
[24-Sep-2017 03:58:48 UTC] PHP Warning:  include(): Failed opening 'database_connection.php' for inclusion (include_path='.:/usr/share/php:/usr/share/pear') in /home/ubuntu/workspace/admin/action.php on line 12
[24-Sep-2017 03:58:48 UTC] PHP Stack trace:
[24-Sep-2017 03:58:48 UTC] PHP   1. {main}() /home/ubuntu/workspace/admin/action.php:0
[24-Sep-2017 03:58:48 UTC] PHP Fatal error:  Call to a member function prepare() on a non-object in /home/ubuntu/workspace/admin/action.php on line 40
[24-Sep-2017 03:58:48 UTC] PHP Stack trace:
[24-Sep-2017 03:58:48 UTC] PHP   1. {main}() /home/ubuntu/workspace/admin/action.php:0
[24-Sep-2017 03:58:49 UTC] PHP Warning:  include(database_connection.php): failed to open stream: No such file or directory in /home/ubuntu/workspace/admin/action.php on line 12
[24-Sep-2017 03:58:49 UTC] PHP Stack trace:
[24-Sep-2017 03:58:49 UTC] PHP   1. {main}() /home/ubuntu/workspace/admin/action.php:0
[24-Sep-2017 03:58:49 UTC] PHP Warning:  include(): Failed opening 'database_connection.php' for inclusion (include_path='.:/usr/share/php:/usr/share/pear') in /home/ubuntu/workspace/admin/action.php on line 12
[24-Sep-2017 03:58:49 UTC] PHP Stack trace:
[24-Sep-2017 03:58:49 UTC] PHP   1. {main}() /home/ubuntu/workspace/admin/action.php:0
[24-Sep-2017 03:58:49 UTC] PHP Fatal error:  Call to a member function prepare() on a non-object in /home/ubuntu/workspace/admin/action.php on line 40
[24-Sep-2017 03:58:49 UTC] PHP Stack trace:
[24-Sep-2017 03:58:49 UTC] PHP   1. {main}() /home/ubuntu/workspace/admin/action.php:0
[24-Sep-2017 03:58:52 UTC] PHP Warning:  include(database_connection.php): failed to open stream: No such file or directory in /home/ubuntu/workspace/admin/action.php on line 12
[24-Sep-2017 03:58:52 UTC] PHP Stack trace:
[24-Sep-2017 03:58:52 UTC] PHP   1. {main}() /home/ubuntu/workspace/admin/action.php:0
[24-Sep-2017 03:58:52 UTC] PHP Warning:  include(): Failed opening 'database_connection.php' for inclusion (include_path='.:/usr/share/php:/usr/share/pear') in /home/ubuntu/workspace/admin/action.php on line 12
[24-Sep-2017 03:58:52 UTC] PHP Stack trace:
[24-Sep-2017 03:58:52 UTC] PHP   1. {main}() /home/ubuntu/workspace/admin/action.php:0
[24-Sep-2017 03:58:52 UTC] PHP Fatal error:  Call to a member function prepare() on a non-object in /home/ubuntu/workspace/admin/action.php on line 40
[24-Sep-2017 03:58:52 UTC] PHP Stack trace:
[24-Sep-2017 03:58:52 UTC] PHP   1. {main}() /home/ubuntu/workspace/admin/action.php:0
[24-Sep-2017 03:58:55 UTC] PHP Warning:  include(database_connection.php): failed to open stream: No such file or directory in /home/ubuntu/workspace/admin/action.php on line 12
[24-Sep-2017 03:58:55 UTC] PHP Stack trace:
[24-Sep-2017 03:58:55 UTC] PHP   1. {main}() /home/ubuntu/workspace/admin/action.php:0
[24-Sep-2017 03:58:55 UTC] PHP Warning:  include(): Failed opening 'database_connection.php' for inclusion (include_path='.:/usr/share/php:/usr/share/pear') in /home/ubuntu/workspace/admin/action.php on line 12
[24-Sep-2017 03:58:55 UTC] PHP Stack trace:
[24-Sep-2017 03:58:55 UTC] PHP   1. {main}() /home/ubuntu/workspace/admin/action.php:0
[24-Sep-2017 03:58:55 UTC] PHP Fatal error:  Call to a member function prepare() on a non-object in /home/ubuntu/workspace/admin/action.php on line 40
[24-Sep-2017 03:58:55 UTC] PHP Stack trace:
[24-Sep-2017 03:58:55 UTC] PHP   1. {main}() /home/ubuntu/workspace/admin/action.php:0
[24-Sep-2017 03:58:58 UTC] PHP Warning:  include(database_connection.php): failed to open stream: No such file or directory in /home/ubuntu/workspace/admin/action.php on line 12
[24-Sep-2017 03:58:58 UTC] PHP Stack trace:
[24-Sep-2017 03:58:58 UTC] PHP   1. {main}() /home/ubuntu/workspace/admin/action.php:0
[24-Sep-2017 03:58:58 UTC] PHP Warning:  include(): Failed opening 'database_connection.php' for inclusion (include_path='.:/usr/share/php:/usr/share/pear') in /home/ubuntu/workspace/admin/action.php on line 12
[24-Sep-2017 03:58:58 UTC] PHP Stack trace:
[24-Sep-2017 03:58:58 UTC] PHP   1. {main}() /home/ubuntu/workspace/admin/action.php:0
[24-Sep-2017 03:58:58 UTC] PHP Fatal error:  Call to a member function prepare() on a non-object in /home/ubuntu/workspace/admin/action.php on line 40
[24-Sep-2017 03:58:58 UTC] PHP Stack trace:
[24-Sep-2017 03:58:58 UTC] PHP   1. {main}() /home/ubuntu/workspace/admin/action.php:0
[24-Sep-2017 03:59:01 UTC] PHP Warning:  include(database_connection.php): failed to open stream: No such file or directory in /home/ubuntu/workspace/admin/action.php on line 12
[24-Sep-2017 03:59:01 UTC] PHP Stack trace:
[24-Sep-2017 03:59:01 UTC] PHP   1. {main}() /home/ubuntu/workspace/admin/action.php:0
[24-Sep-2017 03:59:01 UTC] PHP Warning:  include(): Failed opening 'database_connection.php' for inclusion (include_path='.:/usr/share/php:/usr/share/pear') in /home/ubuntu/workspace/admin/action.php on line 12
[24-Sep-2017 03:59:01 UTC] PHP Stack trace:
[24-Sep-2017 03:59:01 UTC] PHP   1. {main}() /home/ubuntu/workspace/admin/action.php:0
[24-Sep-2017 03:59:01 UTC] PHP Fatal error:  Call to a member function prepare() on a non-object in /home/ubuntu/workspace/admin/action.php on line 40
[24-Sep-2017 03:59:01 UTC] PHP Stack trace:
[24-Sep-2017 03:59:01 UTC] PHP   1. {main}() /home/ubuntu/workspace/admin/action.php:0
[24-Sep-2017 03:59:04 UTC] PHP Warning:  include(database_connection.php): failed to open stream: No such file or directory in /home/ubuntu/workspace/admin/action.php on line 12
[24-Sep-2017 03:59:04 UTC] PHP Stack trace:
[24-Sep-2017 03:59:04 UTC] PHP   1. {main}() /home/ubuntu/workspace/admin/action.php:0
[24-Sep-2017 03:59:04 UTC] PHP Warning:  include(): Failed opening 'database_connection.php' for inclusion (include_path='.:/usr/share/php:/usr/share/pear') in /home/ubuntu/workspace/admin/action.php on line 12
[24-Sep-2017 03:59:04 UTC] PHP Stack trace:
[24-Sep-2017 03:59:04 UTC] PHP   1. {main}() /home/ubuntu/workspace/admin/action.php:0
[24-Sep-2017 03:59:04 UTC] PHP Fatal error:  Call to a member function prepare() on a non-object in /home/ubuntu/workspace/admin/action.php on line 40
[24-Sep-2017 03:59:04 UTC] PHP Stack trace:
[24-Sep-2017 03:59:04 UTC] PHP   1. {main}() /home/ubuntu/workspace/admin/action.php:0
[24-Sep-2017 03:59:07 UTC] PHP Warning:  include(database_connection.php): failed to open stream: No such file or directory in /home/ubuntu/workspace/admin/action.php on line 12
[24-Sep-2017 03:59:07 UTC] PHP Stack trace:
[24-Sep-2017 03:59:07 UTC] PHP   1. {main}() /home/ubuntu/workspace/admin/action.php:0
[24-Sep-2017 03:59:07 UTC] PHP Warning:  include(): Failed opening 'database_connection.php' for inclusion (include_path='.:/usr/share/php:/usr/share/pear') in /home/ubuntu/workspace/admin/action.php on line 12
[24-Sep-2017 03:59:07 UTC] PHP Stack trace:
[24-Sep-2017 03:59:07 UTC] PHP   1. {main}() /home/ubuntu/workspace/admin/action.php:0
[24-Sep-2017 03:59:07 UTC] PHP Fatal error:  Call to a member function prepare() on a non-object in /home/ubuntu/workspace/admin/action.php on line 40
[24-Sep-2017 03:59:07 UTC] PHP Stack trace:
[24-Sep-2017 03:59:07 UTC] PHP   1. {main}() /home/ubuntu/workspace/admin/action.php:0
[24-Sep-2017 03:59:10 UTC] PHP Warning:  include(database_connection.php): failed to open stream: No such file or directory in /home/ubuntu/workspace/admin/action.php on line 12
[24-Sep-2017 03:59:10 UTC] PHP Stack trace:
[24-Sep-2017 03:59:10 UTC] PHP   1. {main}() /home/ubuntu/workspace/admin/action.php:0
[24-Sep-2017 03:59:10 UTC] PHP Warning:  include(): Failed opening 'database_connection.php' for inclusion (include_path='.:/usr/share/php:/usr/share/pear') in /home/ubuntu/workspace/admin/action.php on line 12
[24-Sep-2017 03:59:10 UTC] PHP Stack trace:
[24-Sep-2017 03:59:10 UTC] PHP   1. {main}() /home/ubuntu/workspace/admin/action.php:0
[24-Sep-2017 03:59:10 UTC] PHP Fatal error:  Call to a member function prepare() on a non-object in /home/ubuntu/workspace/admin/action.php on line 40
[24-Sep-2017 03:59:10 UTC] PHP Stack trace:
[24-Sep-2017 03:59:10 UTC] PHP   1. {main}() /home/ubuntu/workspace/admin/action.php:0
[24-Sep-2017 03:59:13 UTC] PHP Warning:  include(database_connection.php): failed to open stream: No such file or directory in /home/ubuntu/workspace/admin/action.php on line 12
[24-Sep-2017 03:59:13 UTC] PHP Stack trace:
[24-Sep-2017 03:59:13 UTC] PHP   1. {main}() /home/ubuntu/workspace/admin/action.php:0
[24-Sep-2017 03:59:13 UTC] PHP Warning:  include(): Failed opening 'database_connection.php' for inclusion (include_path='.:/usr/share/php:/usr/share/pear') in /home/ubuntu/workspace/admin/action.php on line 12
[24-Sep-2017 03:59:13 UTC] PHP Stack trace:
[24-Sep-2017 03:59:13 UTC] PHP   1. {main}() /home/ubuntu/workspace/admin/action.php:0
[24-Sep-2017 03:59:13 UTC] PHP Fatal error:  Call to a member function prepare() on a non-object in /home/ubuntu/workspace/admin/action.php on line 40
[24-Sep-2017 03:59:13 UTC] PHP Stack trace:
[24-Sep-2017 03:59:13 UTC] PHP   1. {main}() /home/ubuntu/workspace/admin/action.php:0
[24-Sep-2017 03:59:16 UTC] PHP Warning:  include(database_connection.php): failed to open stream: No such file or directory in /home/ubuntu/workspace/admin/action.php on line 12
[24-Sep-2017 03:59:16 UTC] PHP Stack trace:
[24-Sep-2017 03:59:16 UTC] PHP   1. {main}() /home/ubuntu/workspace/admin/action.php:0
[24-Sep-2017 03:59:16 UTC] PHP Warning:  include(): Failed opening 'database_connection.php' for inclusion (include_path='.:/usr/share/php:/usr/share/pear') in /home/ubuntu/workspace/admin/action.php on line 12
[24-Sep-2017 03:59:16 UTC] PHP Stack trace:
[24-Sep-2017 03:59:16 UTC] PHP   1. {main}() /home/ubuntu/workspace/admin/action.php:0
[24-Sep-2017 03:59:16 UTC] PHP Fatal error:  Call to a member function prepare() on a non-object in /home/ubuntu/workspace/admin/action.php on line 40
[24-Sep-2017 03:59:16 UTC] PHP Stack trace:
[24-Sep-2017 03:59:16 UTC] PHP   1. {main}() /home/ubuntu/workspace/admin/action.php:0
[24-Sep-2017 03:59:19 UTC] PHP Warning:  include(database_connection.php): failed to open stream: No such file or directory in /home/ubuntu/workspace/admin/action.php on line 12
[24-Sep-2017 03:59:19 UTC] PHP Stack trace:
[24-Sep-2017 03:59:19 UTC] PHP   1. {main}() /home/ubuntu/workspace/admin/action.php:0
[24-Sep-2017 03:59:19 UTC] PHP Warning:  include(): Failed opening 'database_connection.php' for inclusion (include_path='.:/usr/share/php:/usr/share/pear') in /home/ubuntu/workspace/admin/action.php on line 12
[24-Sep-2017 03:59:19 UTC] PHP Stack trace:
[24-Sep-2017 03:59:19 UTC] PHP   1. {main}() /home/ubuntu/workspace/admin/action.php:0
[24-Sep-2017 03:59:19 UTC] PHP Fatal error:  Call to a member function prepare() on a non-object in /home/ubuntu/workspace/admin/action.php on line 40
[24-Sep-2017 03:59:19 UTC] PHP Stack trace:
[24-Sep-2017 03:59:19 UTC] PHP   1. {main}() /home/ubuntu/workspace/admin/action.php:0
[24-Sep-2017 03:59:22 UTC] PHP Warning:  include(database_connection.php): failed to open stream: No such file or directory in /home/ubuntu/workspace/admin/action.php on line 12
[24-Sep-2017 03:59:22 UTC] PHP Stack trace:
[24-Sep-2017 03:59:22 UTC] PHP   1. {main}() /home/ubuntu/workspace/admin/action.php:0
[24-Sep-2017 03:59:22 UTC] PHP Warning:  include(): Failed opening 'database_connection.php' for inclusion (include_path='.:/usr/share/php:/usr/share/pear') in /home/ubuntu/workspace/admin/action.php on line 12
[24-Sep-2017 03:59:22 UTC] PHP Stack trace:
[24-Sep-2017 03:59:22 UTC] PHP   1. {main}() /home/ubuntu/workspace/admin/action.php:0
[24-Sep-2017 03:59:22 UTC] PHP Fatal error:  Call to a member function prepare() on a non-object in /home/ubuntu/workspace/admin/action.php on line 40
[24-Sep-2017 03:59:22 UTC] PHP Stack trace:
[24-Sep-2017 03:59:22 UTC] PHP   1. {main}() /home/ubuntu/workspace/admin/action.php:0
[24-Sep-2017 03:59:25 UTC] PHP Warning:  include(database_connection.php): failed to open stream: No such file or directory in /home/ubuntu/workspace/admin/action.php on line 12
[24-Sep-2017 03:59:25 UTC] PHP Stack trace:
[24-Sep-2017 03:59:25 UTC] PHP   1. {main}() /home/ubuntu/workspace/admin/action.php:0
[24-Sep-2017 03:59:25 UTC] PHP Warning:  include(): Failed opening 'database_connection.php' for inclusion (include_path='.:/usr/share/php:/usr/share/pear') in /home/ubuntu/workspace/admin/action.php on line 12
[24-Sep-2017 03:59:25 UTC] PHP Stack trace:
[24-Sep-2017 03:59:25 UTC] PHP   1. {main}() /home/ubuntu/workspace/admin/action.php:0
[24-Sep-2017 03:59:25 UTC] PHP Fatal error:  Call to a member function prepare() on a non-object in /home/ubuntu/workspace/admin/action.php on line 40
[24-Sep-2017 03:59:25 UTC] PHP Stack trace:
[24-Sep-2017 03:59:25 UTC] PHP   1. {main}() /home/ubuntu/workspace/admin/action.php:0
[24-Sep-2017 03:59:28 UTC] PHP Warning:  include(database_connection.php): failed to open stream: No such file or directory in /home/ubuntu/workspace/admin/action.php on line 12
[24-Sep-2017 03:59:28 UTC] PHP Stack trace:
[24-Sep-2017 03:59:28 UTC] PHP   1. {main}() /home/ubuntu/workspace/admin/action.php:0
[24-Sep-2017 03:59:28 UTC] PHP Warning:  include(): Failed opening 'database_connection.php' for inclusion (include_path='.:/usr/share/php:/usr/share/pear') in /home/ubuntu/workspace/admin/action.php on line 12
[24-Sep-2017 03:59:28 UTC] PHP Stack trace:
[24-Sep-2017 03:59:28 UTC] PHP   1. {main}() /home/ubuntu/workspace/admin/action.php:0
[24-Sep-2017 03:59:28 UTC] PHP Fatal error:  Call to a member function prepare() on a non-object in /home/ubuntu/workspace/admin/action.php on line 40
[24-Sep-2017 03:59:28 UTC] PHP Stack trace:
[24-Sep-2017 03:59:28 UTC] PHP   1. {main}() /home/ubuntu/workspace/admin/action.php:0
[24-Sep-2017 03:59:32 UTC] PHP Warning:  include(database_connection.php): failed to open stream: No such file or directory in /home/ubuntu/workspace/admin/action.php on line 12
[24-Sep-2017 03:59:32 UTC] PHP Stack trace:
[24-Sep-2017 03:59:32 UTC] PHP   1. {main}() /home/ubuntu/workspace/admin/action.php:0
[24-Sep-2017 03:59:32 UTC] PHP Warning:  include(): Failed opening 'database_connection.php' for inclusion (include_path='.:/usr/share/php:/usr/share/pear') in /home/ubuntu/workspace/admin/action.php on line 12
[24-Sep-2017 03:59:32 UTC] PHP Stack trace:
[24-Sep-2017 03:59:32 UTC] PHP   1. {main}() /home/ubuntu/workspace/admin/action.php:0
[24-Sep-2017 03:59:32 UTC] PHP Fatal error:  Call to a member function prepare() on a non-object in /home/ubuntu/workspace/admin/action.php on line 40
[24-Sep-2017 03:59:32 UTC] PHP Stack trace:
[24-Sep-2017 03:59:32 UTC] PHP   1. {main}() /home/ubuntu/workspace/admin/action.php:0
[02-Oct-2017 03:11:19 UTC] PHP Parse error:  syntax error, unexpected end of file in /home/ubuntu/workspace/admin/index.php on line 215
[02-Oct-2017 04:31:43 UTC] PHP Parse error:  syntax error, unexpected '<' in /home/ubuntu/workspace/driver_system/index.php on line 37
[02-Oct-2017 06:00:25 UTC] PHP Warning:  include_once(danville_orders.php): failed to open stream: No such file or directory in /home/ubuntu/workspace/driver_system/index.php on line 40
[02-Oct-2017 06:00:25 UTC] PHP Stack trace:
[02-Oct-2017 06:00:25 UTC] PHP   1. {main}() /home/ubuntu/workspace/driver_system/index.php:0
[02-Oct-2017 06:00:25 UTC] PHP Warning:  include_once(): Failed opening 'danville_orders.php' for inclusion (include_path='.:/usr/share/php:/usr/share/pear') in /home/ubuntu/workspace/driver_system/index.php on line 40
[02-Oct-2017 06:00:25 UTC] PHP Stack trace:
[02-Oct-2017 06:00:25 UTC] PHP   1. {main}() /home/ubuntu/workspace/driver_system/index.php:0
[02-Oct-2017 06:00:57 UTC] PHP Warning:  include_once(danville_orders.php): failed to open stream: No such file or directory in /home/ubuntu/workspace/driver_system/index.php on line 40
[02-Oct-2017 06:00:57 UTC] PHP Stack trace:
[02-Oct-2017 06:00:57 UTC] PHP   1. {main}() /home/ubuntu/workspace/driver_system/index.php:0
[02-Oct-2017 06:00:57 UTC] PHP Warning:  include_once(): Failed opening 'danville_orders.php' for inclusion (include_path='.:/usr/share/php:/usr/share/pear') in /home/ubuntu/workspace/driver_system/index.php on line 40
[02-Oct-2017 06:00:57 UTC] PHP Stack trace:
[02-Oct-2017 06:00:57 UTC] PHP   1. {main}() /home/ubuntu/workspace/driver_system/index.php:0
[02-Oct-2017 06:25:26 UTC] PHP Warning:  mysqli_query() expects parameter 1 to be mysqli, null given in /home/ubuntu/workspace/driver_system/danville_orders.php on line 3
[02-Oct-2017 06:25:26 UTC] PHP Stack trace:
[02-Oct-2017 06:25:26 UTC] PHP   1. {main}() /home/ubuntu/workspace/driver_system/index.php:0
[02-Oct-2017 06:25:26 UTC] PHP   2. include_once() /home/ubuntu/workspace/driver_system/index.php:40
[02-Oct-2017 06:25:26 UTC] PHP   3. mysqli_query() /home/ubuntu/workspace/driver_system/danville_orders.php:3
[02-Oct-2017 06:25:26 UTC] PHP Warning:  mysqli_fetch_array() expects parameter 1 to be mysqli_result, null given in /home/ubuntu/workspace/driver_system/danville_orders.php on line 4
[02-Oct-2017 06:25:26 UTC] PHP Stack trace:
[02-Oct-2017 06:25:26 UTC] PHP   1. {main}() /home/ubuntu/workspace/driver_system/index.php:0
[02-Oct-2017 06:25:26 UTC] PHP   2. include_once() /home/ubuntu/workspace/driver_system/index.php:40
[02-Oct-2017 06:25:26 UTC] PHP   3. mysqli_fetch_array() /home/ubuntu/workspace/driver_system/danville_orders.php:4
[02-Oct-2017 06:27:44 UTC] PHP Warning:  mysqli_query() expects parameter 1 to be mysqli, null given in /home/ubuntu/workspace/driver_system/danville_orders.php on line 3
[02-Oct-2017 06:27:44 UTC] PHP Stack trace:
[02-Oct-2017 06:27:44 UTC] PHP   1. {main}() /home/ubuntu/workspace/driver_system/index.php:0
[02-Oct-2017 06:27:44 UTC] PHP   2. include_once() /home/ubuntu/workspace/driver_system/index.php:40
[02-Oct-2017 06:27:44 UTC] PHP   3. mysqli_query() /home/ubuntu/workspace/driver_system/danville_orders.php:3
[02-Oct-2017 06:27:44 UTC] PHP Warning:  mysqli_fetch_array() expects parameter 1 to be mysqli_result, null given in /home/ubuntu/workspace/driver_system/danville_orders.php on line 4
[02-Oct-2017 06:27:44 UTC] PHP Stack trace:
[02-Oct-2017 06:27:44 UTC] PHP   1. {main}() /home/ubuntu/workspace/driver_system/index.php:0
[02-Oct-2017 06:27:44 UTC] PHP   2. include_once() /home/ubuntu/workspace/driver_system/index.php:40
[02-Oct-2017 06:27:44 UTC] PHP   3. mysqli_fetch_array() /home/ubuntu/workspace/driver_system/danville_orders.php:4
[02-Oct-2017 06:27:46 UTC] PHP Warning:  mysqli_query() expects parameter 1 to be mysqli, null given in /home/ubuntu/workspace/driver_system/danville_orders.php on line 3
[02-Oct-2017 06:27:46 UTC] PHP Stack trace:
[02-Oct-2017 06:27:46 UTC] PHP   1. {main}() /home/ubuntu/workspace/driver_system/index.php:0
[02-Oct-2017 06:27:46 UTC] PHP   2. include_once() /home/ubuntu/workspace/driver_system/index.php:40
[02-Oct-2017 06:27:46 UTC] PHP   3. mysqli_query() /home/ubuntu/workspace/driver_system/danville_orders.php:3
[02-Oct-2017 06:27:46 UTC] PHP Warning:  mysqli_fetch_array() expects parameter 1 to be mysqli_result, null given in /home/ubuntu/workspace/driver_system/danville_orders.php on line 4
[02-Oct-2017 06:27:46 UTC] PHP Stack trace:
[02-Oct-2017 06:27:46 UTC] PHP   1. {main}() /home/ubuntu/workspace/driver_system/index.php:0
[02-Oct-2017 06:27:46 UTC] PHP   2. include_once() /home/ubuntu/workspace/driver_system/index.php:40
[02-Oct-2017 06:27:46 UTC] PHP   3. mysqli_fetch_array() /home/ubuntu/workspace/driver_system/danville_orders.php:4
[02-Oct-2017 06:28:47 UTC] PHP Warning:  mysqli_query() expects parameter 1 to be mysqli, null given in /home/ubuntu/workspace/driver_system/danville_orders.php on line 3
[02-Oct-2017 06:28:47 UTC] PHP Stack trace:
[02-Oct-2017 06:28:47 UTC] PHP   1. {main}() /home/ubuntu/workspace/driver_system/index.php:0
[02-Oct-2017 06:28:47 UTC] PHP   2. include_once() /home/ubuntu/workspace/driver_system/index.php:40
[02-Oct-2017 06:28:47 UTC] PHP   3. mysqli_query() /home/ubuntu/workspace/driver_system/danville_orders.php:3
[02-Oct-2017 06:28:47 UTC] PHP Warning:  mysqli_fetch_array() expects parameter 1 to be mysqli_result, null given in /home/ubuntu/workspace/driver_system/danville_orders.php on line 4
[02-Oct-2017 06:28:47 UTC] PHP Stack trace:
[02-Oct-2017 06:28:47 UTC] PHP   1. {main}() /home/ubuntu/workspace/driver_system/index.php:0
[02-Oct-2017 06:28:47 UTC] PHP   2. include_once() /home/ubuntu/workspace/driver_system/index.php:40
[02-Oct-2017 06:28:47 UTC] PHP   3. mysqli_fetch_array() /home/ubuntu/workspace/driver_system/danville_orders.php:4
[02-Oct-2017 06:31:05 UTC] PHP Warning:  mysqli_query() expects parameter 1 to be mysqli, null given in /home/ubuntu/workspace/driver_system/danville_orders.php on line 3
[02-Oct-2017 06:31:05 UTC] PHP Stack trace:
[02-Oct-2017 06:31:05 UTC] PHP   1. {main}() /home/ubuntu/workspace/driver_system/index.php:0
[02-Oct-2017 06:31:05 UTC] PHP   2. include_once() /home/ubuntu/workspace/driver_system/index.php:40
[02-Oct-2017 06:31:05 UTC] PHP   3. mysqli_query() /home/ubuntu/workspace/driver_system/danville_orders.php:3
[02-Oct-2017 06:31:05 UTC] PHP Warning:  mysqli_fetch_array() expects parameter 1 to be mysqli_result, null given in /home/ubuntu/workspace/driver_system/danville_orders.php on line 4
[02-Oct-2017 06:31:05 UTC] PHP Stack trace:
[02-Oct-2017 06:31:05 UTC] PHP   1. {main}() /home/ubuntu/workspace/driver_system/index.php:0
[02-Oct-2017 06:31:05 UTC] PHP   2. include_once() /home/ubuntu/workspace/driver_system/index.php:40
[02-Oct-2017 06:31:05 UTC] PHP   3. mysqli_fetch_array() /home/ubuntu/workspace/driver_system/danville_orders.php:4
[02-Oct-2017 06:32:33 UTC] PHP Warning:  mysqli_query() expects parameter 1 to be mysqli, null given in /home/ubuntu/workspace/driver_system/danville_orders.php on line 3
[02-Oct-2017 06:32:33 UTC] PHP Stack trace:
[02-Oct-2017 06:32:33 UTC] PHP   1. {main}() /home/ubuntu/workspace/driver_system/index.php:0
[02-Oct-2017 06:32:33 UTC] PHP   2. include_once() /home/ubuntu/workspace/driver_system/index.php:40
[02-Oct-2017 06:32:33 UTC] PHP   3. mysqli_query() /home/ubuntu/workspace/driver_system/danville_orders.php:3
[02-Oct-2017 06:32:33 UTC] PHP Warning:  mysqli_fetch_array() expects parameter 1 to be mysqli_result, null given in /home/ubuntu/workspace/driver_system/danville_orders.php on line 4
[02-Oct-2017 06:32:33 UTC] PHP Stack trace:
[02-Oct-2017 06:32:33 UTC] PHP   1. {main}() /home/ubuntu/workspace/driver_system/index.php:0
[02-Oct-2017 06:32:33 UTC] PHP   2. include_once() /home/ubuntu/workspace/driver_system/index.php:40
[02-Oct-2017 06:32:33 UTC] PHP   3. mysqli_fetch_array() /home/ubuntu/workspace/driver_system/danville_orders.php:4
[02-Oct-2017 06:34:24 UTC] PHP Warning:  mysqli_query() expects parameter 1 to be mysqli, null given in /home/ubuntu/workspace/driver_system/danville_orders.php on line 3
[02-Oct-2017 06:34:24 UTC] PHP Stack trace:
[02-Oct-2017 06:34:24 UTC] PHP   1. {main}() /home/ubuntu/workspace/driver_system/index.php:0
[02-Oct-2017 06:34:24 UTC] PHP   2. include_once() /home/ubuntu/workspace/driver_system/index.php:40
[02-Oct-2017 06:34:24 UTC] PHP   3. mysqli_query() /home/ubuntu/workspace/driver_system/danville_orders.php:3
[02-Oct-2017 06:34:24 UTC] PHP Warning:  mysqli_fetch_array() expects parameter 1 to be mysqli_result, null given in /home/ubuntu/workspace/driver_system/danville_orders.php on line 4
[02-Oct-2017 06:34:24 UTC] PHP Stack trace:
[02-Oct-2017 06:34:24 UTC] PHP   1. {main}() /home/ubuntu/workspace/driver_system/index.php:0
[02-Oct-2017 06:34:24 UTC] PHP   2. include_once() /home/ubuntu/workspace/driver_system/index.php:40
[02-Oct-2017 06:34:24 UTC] PHP   3. mysqli_fetch_array() /home/ubuntu/workspace/driver_system/danville_orders.php:4
[02-Oct-2017 06:34:48 UTC] PHP Warning:  mysqli_query() expects parameter 1 to be mysqli, null given in /home/ubuntu/workspace/driver_system/danville_orders.php on line 3
[02-Oct-2017 06:34:48 UTC] PHP Stack trace:
[02-Oct-2017 06:34:48 UTC] PHP   1. {main}() /home/ubuntu/workspace/driver_system/index.php:0
[02-Oct-2017 06:34:48 UTC] PHP   2. include_once() /home/ubuntu/workspace/driver_system/index.php:40
[02-Oct-2017 06:34:48 UTC] PHP   3. mysqli_query() /home/ubuntu/workspace/driver_system/danville_orders.php:3
[02-Oct-2017 06:34:48 UTC] PHP Warning:  mysqli_fetch_array() expects parameter 1 to be mysqli_result, null given in /home/ubuntu/workspace/driver_system/danville_orders.php on line 4
[02-Oct-2017 06:34:48 UTC] PHP Stack trace:
[02-Oct-2017 06:34:48 UTC] PHP   1. {main}() /home/ubuntu/workspace/driver_system/index.php:0
[02-Oct-2017 06:34:48 UTC] PHP   2. include_once() /home/ubuntu/workspace/driver_system/index.php:40
[02-Oct-2017 06:34:48 UTC] PHP   3. mysqli_fetch_array() /home/ubuntu/workspace/driver_system/danville_orders.php:4
[02-Oct-2017 06:35:12 UTC] PHP Warning:  mysqli_query() expects parameter 1 to be mysqli, null given in /home/ubuntu/workspace/driver_system/danville_orders.php on line 3
[02-Oct-2017 06:35:12 UTC] PHP Stack trace:
[02-Oct-2017 06:35:12 UTC] PHP   1. {main}() /home/ubuntu/workspace/driver_system/danville_orders.php:0
[02-Oct-2017 06:35:12 UTC] PHP   2. mysqli_query() /home/ubuntu/workspace/driver_system/danville_orders.php:3
[02-Oct-2017 06:35:12 UTC] PHP Warning:  mysqli_fetch_array() expects parameter 1 to be mysqli_result, null given in /home/ubuntu/workspace/driver_system/danville_orders.php on line 4
[02-Oct-2017 06:35:12 UTC] PHP Stack trace:
[02-Oct-2017 06:35:12 UTC] PHP   1. {main}() /home/ubuntu/workspace/driver_system/danville_orders.php:0
[02-Oct-2017 06:35:12 UTC] PHP   2. mysqli_fetch_array() /home/ubuntu/workspace/driver_system/danville_orders.php:4
[02-Oct-2017 06:36:39 UTC] PHP Warning:  mysqli_query() expects parameter 1 to be mysqli, null given in /home/ubuntu/workspace/driver_system/danville_orders.php on line 3
[02-Oct-2017 06:36:39 UTC] PHP Stack trace:
[02-Oct-2017 06:36:39 UTC] PHP   1. {main}() /home/ubuntu/workspace/driver_system/danville_orders.php:0
[02-Oct-2017 06:36:39 UTC] PHP   2. mysqli_query() /home/ubuntu/workspace/driver_system/danville_orders.php:3
[02-Oct-2017 06:36:39 UTC] PHP Warning:  mysqli_fetch_array() expects parameter 1 to be mysqli_result, null given in /home/ubuntu/workspace/driver_system/danville_orders.php on line 4
[02-Oct-2017 06:36:39 UTC] PHP Stack trace:
[02-Oct-2017 06:36:39 UTC] PHP   1. {main}() /home/ubuntu/workspace/driver_system/danville_orders.php:0
[02-Oct-2017 06:36:39 UTC] PHP   2. mysqli_fetch_array() /home/ubuntu/workspace/driver_system/danville_orders.php:4
[02-Oct-2017 07:15:24 UTC] PHP Warning:  mysqli_query() expects parameter 1 to be mysqli, null given in /home/ubuntu/workspace/driver_system/index.php on line 40
[02-Oct-2017 07:15:24 UTC] PHP Stack trace:
[02-Oct-2017 07:15:24 UTC] PHP   1. {main}() /home/ubuntu/workspace/driver_system/index.php:0
[02-Oct-2017 07:15:24 UTC] PHP   2. mysqli_query() /home/ubuntu/workspace/driver_system/index.php:40
[02-Oct-2017 07:15:24 UTC] PHP Warning:  mysqli_fetch_array() expects parameter 1 to be mysqli_result, null given in /home/ubuntu/workspace/driver_system/index.php on line 41
[02-Oct-2017 07:15:24 UTC] PHP Stack trace:
[02-Oct-2017 07:15:24 UTC] PHP   1. {main}() /home/ubuntu/workspace/driver_system/index.php:0
[02-Oct-2017 07:15:24 UTC] PHP   2. mysqli_fetch_array() /home/ubuntu/workspace/driver_system/index.php:41
[02-Oct-2017 07:28:47 UTC] PHP Warning:  include_once(stanford_orders.php): failed to open stream: No such file or directory in /home/ubuntu/workspace/driver_system/index.php on line 47
[02-Oct-2017 07:28:47 UTC] PHP Stack trace:
[02-Oct-2017 07:28:47 UTC] PHP   1. {main}() /home/ubuntu/workspace/driver_system/index.php:0
[02-Oct-2017 07:28:47 UTC] PHP Warning:  include_once(): Failed opening 'stanford_orders.php' for inclusion (include_path='.:/usr/share/php:/usr/share/pear') in /home/ubuntu/workspace/driver_system/index.php on line 47
[02-Oct-2017 07:28:47 UTC] PHP Stack trace:
[02-Oct-2017 07:28:47 UTC] PHP   1. {main}() /home/ubuntu/workspace/driver_system/index.php:0
[02-Oct-2017 08:04:44 UTC] PHP Fatal error:  Call to undefined function include_one() in /home/ubuntu/workspace/driver_system/index.php on line 42
[02-Oct-2017 08:04:44 UTC] PHP Stack trace:
[02-Oct-2017 08:04:44 UTC] PHP   1. {main}() /home/ubuntu/workspace/driver_system/index.php:0
[02-Oct-2017 08:05:22 UTC] PHP Warning:  include_once(active_orders): failed to open stream: No such file or directory in /home/ubuntu/workspace/driver_system/index.php on line 42
[02-Oct-2017 08:05:22 UTC] PHP Stack trace:
[02-Oct-2017 08:05:22 UTC] PHP   1. {main}() /home/ubuntu/workspace/driver_system/index.php:0
[02-Oct-2017 08:05:22 UTC] PHP Warning:  include_once(): Failed opening 'active_orders' for inclusion (include_path='.:/usr/share/php:/usr/share/pear') in /home/ubuntu/workspace/driver_system/index.php on line 42
[02-Oct-2017 08:05:22 UTC] PHP Stack trace:
[02-Oct-2017 08:05:22 UTC] PHP   1. {main}() /home/ubuntu/workspace/driver_system/index.php:0
[02-Oct-2017 08:07:48 UTC] PHP Warning:  include_once(active_orders): failed to open stream: No such file or directory in /home/ubuntu/workspace/driver_system/index.php on line 42
[02-Oct-2017 08:07:48 UTC] PHP Stack trace:
[02-Oct-2017 08:07:48 UTC] PHP   1. {main}() /home/ubuntu/workspace/driver_system/index.php:0
[02-Oct-2017 08:07:48 UTC] PHP Warning:  include_once(): Failed opening 'active_orders' for inclusion (include_path='.:/usr/share/php:/usr/share/pear') in /home/ubuntu/workspace/driver_system/index.php on line 42
[02-Oct-2017 08:07:48 UTC] PHP Stack trace:
[02-Oct-2017 08:07:48 UTC] PHP   1. {main}() /home/ubuntu/workspace/driver_system/index.php:0
